0 silly argv {
0 silly argv   _: [ 'run' ],
0 silly argv   since: 'HEAD',
0 silly argv   concurrency: 1,
0 silly argv   stream: true,
0 silly argv   lernaVersion: '4.0.0',
0 silly argv   '$0': 'node_modules/.bin/lerna',
0 silly argv   script: 'pre-commit'
0 silly argv }
1 notice cli v4.0.0
2 verbose rootPath /srv/workspace
3 info versioning independent
4 notice filter changed since "HEAD"
5 silly hasTags
6 verbose hasTags false
7 info Looking for changed packages since HEAD
8 silly checking diff configs/eslint-base
9 error Error: Command failed with exit code 128: git diff --name-only HEAD -- configs/eslint-base
9 error fatal: bad revision 'HEAD'
9 error     at makeError (/srv/workspace/node_modules/execa/lib/error.js:59:11)
9 error     at Function.module.exports.sync (/srv/workspace/node_modules/execa/index.js:186:17)
9 error     at Object.execSync (/srv/workspace/node_modules/@lerna/child-process/index.js:39:16)
9 error     at diffSinceIn (/srv/workspace/node_modules/@lerna/collect-updates/lib/make-diff-predicate.js:75:23)
9 error     at hasDiffSinceThatIsntIgnored (/srv/workspace/node_modules/@lerna/collect-updates/lib/make-diff-predicate.js:34:18)
9 error     at isCandidate (/srv/workspace/node_modules/@lerna/collect-updates/collect-updates.js:113:77)
9 error     at /srv/workspace/node_modules/@lerna/collect-updates/lib/collect-packages.js:24:9
9 error     at Map.forEach (<anonymous>)
9 error     at collectPackages (/srv/workspace/node_modules/@lerna/collect-updates/lib/collect-packages.js:23:12)
